Start testing: Jul 08 11:48 EEST
----------------------------------------------------------
1/1 Testing: tests
1/1 Test: tests
Command: "/Users/samedy/ruby-chess/chess-tests"
Directory: /Users/samedy/ruby-chess
"tests" start time: Jul 08 11:48 EEST
Output:
----------------------------------------------------------
OK   fen: start position round-trip
OK   fen: after e4 with ep square
OK   moves: e2 pawn has 2 moves
OK   moves: illegal knight move rejected
It's white's turn
OK   moves: black can't move first
No piece on e4
OK   moves: empty square rejected
OK   moves: capture works
This move would leave the king in check
OK   check: pinned bishop can't move
Game over: White won
OK   mate: back rank mate ends the game
Game over: Black won
OK   mate: fool's mate detected on load
The game is over
OK   mate: moves blocked after game over
Game over: draw
OK   stalemate: detected on load
OK   castling: O-O and O-O-O
OK   castling: not through an attacked square
OK   castling: queenside still works
OK   castling: not while in check
OK   castling: right lost after rook trip
OK   en passant: exd6
OK   en passant: expires after one move
OK   en passant: square comes from FEN
Game over: draw
OK   draw: fifty-move rule
OK   draw: halfmove clock hits 100
OK   draw: pawn move resets the clock
Game over: draw
OK   draw: threefold repetition
Game over: draw
OK   draw: insufficient material on load
Game over: draw
OK   draw: capture down to bare kings
OK   fen: counters round-trip
OK   fen: invalid symbol throws
OK   fen: loadFen resets the board
OK   promotion: queen by default on the next move
OK   promotion: explicit knight
OK   promotion: capture into promotion kills the castle right
Nothing to promote
OK   promotion: nothing pending is rejected
OK   promotion: black promotes to a rook

All tests passed
<end of output>
Test time =   0.22 sec
----------------------------------------------------------
Test Passed.
"tests" end time: Jul 08 11:48 EEST
"tests" time elapsed: 00:00:00
----------------------------------------------------------

End testing: Jul 08 11:48 EEST
